<?xml version="1.0" encoding="UTF-8"?>
<!-- Generated by org.testng.reporters.JUnitXMLReporter -->
<testsuite ignored="0" hostname="LAPTOP-QLPEOAFB" failures="1" tests="2" name="Test" time="113.373" errors="0" timestamp="2023-01-27T12:21:36 IST">
  <testcase classname="tests1.LoginTest1" name="click" time="4.17"/>
  <testcase classname="tests1.LoginTest1" name="verifytitle" time="0.038">
    <failure type="java.lang.AssertionError" message="Page title does not match expected [false] but found [true]">
      <![CDATA[java.lang.AssertionError: Page title does not match expected [false] but found [true]
at tests1.LoginTest1.verifytitle(LoginTest1.java:39)
at java.base/java.util.ArrayList.forEach(ArrayList.java:1511)
... Removed 30 stack frames]]>
    </failure>
  </testcase> <!-- verifytitle -->
</testsuite> <!-- Test -->
