<?xml version="1.0" encoding="UTF-8"?>
<testng-results ignored="0" total="1" passed="1" failed="0" skipped="0">
  <reporter-output>
  </reporter-output>
  <suite started-at="2023-01-24T20:05:51 IST" name="Default suite" finished-at="2023-01-24T20:06:39 IST" duration-ms="47569">
    <groups>
    </groups>
    <test started-at="2023-01-24T20:05:51 IST" name="Default test" finished-at="2023-01-24T20:06:39 IST" duration-ms="47569">
      <class name="tests1.LoginTest1">
        <test-method is-config="true" signature="init()[pri:0, instance:tests1.LoginTest1@6f1de4c7]" started-at="2023-01-24T20:05:51 IST" name="init" finished-at="2023-01-24T20:06:33 IST" duration-ms="42126" status="PASS">
          <reporter-output>
          </reporter-output>
        </test-method> <!-- init -->
        <test-method signature="click()[pri:0, instance:tests1.LoginTest1@6f1de4c7]" started-at="2023-01-24T20:06:33 IST" name="click" finished-at="2023-01-24T20:06:39 IST" duration-ms="5205" status="PASS">
          <reporter-output>
          </reporter-output>
        </test-method> <!-- click -->
        <test-method is-config="true" signature="teardown()[pri:0, instance:tests1.LoginTest1@6f1de4c7]" started-at="2023-01-24T20:06:39 IST" name="teardown" finished-at="2023-01-24T20:06:39 IST" duration-ms="151" status="PASS">
          <reporter-output>
          </reporter-output>
        </test-method> <!-- teardown -->
      </class> <!-- tests1.LoginTest1 -->
    </test> <!-- Default test -->
  </suite> <!-- Default suite -->
</testng-results>
